<?xml version="1.0" encoding="UTF-8"?>
<!-- Generated by org.testng.reporters.JUnitReportReporter -->
<testsuite hostname="LAPTOP-NLSDEBD6" failures="0" tests="1" name="com.api.test.GetProfileRequestTest" time="2.532" errors="0" timestamp="2025-09-13T20:34:08 IST" skipped="0">
  <testcase classname="com.api.test.GetProfileRequestTest" name="getProfileTest" time="2.532"/>
</testsuite> <!-- com.api.test.GetProfileRequestTest -->
