<?xml version="1.0" encoding="UTF-8"?>
<!-- Generated by org.testng.reporters.JUnitReportReporter -->
<testsuite hostname="LAPTOP-NLSDEBD6" failures="0" tests="1" name="com.api.test.UserLoginTest" time="0.289" errors="0" timestamp="2025-09-13T19:18:23 IST" skipped="0">
  <testcase classname="com.api.test.UserLoginTest" name="loginTest" time="0.289"/>
</testsuite> <!-- com.api.test.UserLoginTest -->
